#
# There is insufficient memory for the Java Runtime Environment to continue.
# Native memory allocation (mmap) failed to map 132120576 bytes for G1 virtual space
# Possible reasons:
#   The system is out of physical RAM or swap space
#   The process is running with CompressedOops enabled, and the Java Heap may be blocking the growth of the native heap
# Possible solutions:
#   Reduce memory load on the system
#   Increase physical memory or swap space
#   Check if swap backing store is full
#   Decrease Java heap size (-Xmx/-Xms)
#   Decrease number of Java threads
#   Decrease Java thread stack sizes (-Xss)
#   Set larger code cache with -XX:ReservedCodeCacheSize=
#   JVM is running with Unscaled Compressed Oops mode in which the Java heap is
#     placed in the first 4GB address space. The Java Heap base address is the
#     maximum limit for the native heap growth. Please use -XX:HeapBaseMinAddress
#     to set the Java Heap base and to place the Java Heap above 4GB virtual address.
# This output file may be truncated or incomplete.
#
#  Out of Memory Error (os_windows.cpp:3535), pid=32996, tid=33124
#
# JRE version:  (17.0.3.1+2) (build )
# Java VM: Java HotSpot(TM) 64-Bit Server VM (17.0.3.1+2-LTS-6, mixed mode, sharing, tiered, compressed oops, compressed class ptrs, g1 gc, windows-amd64)
# No core dump will be written. Minidumps are not enabled by default on client versions of Windows
#

---------------  S U M M A R Y ------------

Command Line: -ea -Dfile.encoding=UTF-8 -XX:+ShowCodeDetailsInExceptionMessages org.testng.remote.RemoteTestNG -serport 49194 -protocol json -d D:\GitHub\DemoRepo04JuneMB\MyProject\MyProject\DalalStreet\test-output C:\Users\Lenovo\AppData\Local\Temp\testng-eclipse--588314759\testng-customsuite.xml

Host: Intel(R) Core(TM) i3-1005G1 CPU @ 1.20GHz, 4 cores, 7G,  Windows 11 , 64 bit Build 22621 (10.0.22621.755)
Time: Sat Nov 19 14:00:31 2022 India Standard Time elapsed time: 0.012607 seconds (0d 0h 0m 0s)

---------------  T H R E A D  ---------------

Current thread (0x000001c927c06e70):  JavaThread "Unknown thread" [_thread_in_vm, id=33124, stack(0x000000c7bc700000,0x000000c7bc800000)]

Stack: [0x000000c7bc700000,0x000000c7bc800000]
Native frames: (J=compiled Java code, j=interpreted, Vv=VM code, C=native code)
V  [jvm.dll+0x6711ba]
V  [jvm.dll+0x7d0834]
V  [jvm.dll+0x7d1fde]
V  [jvm.dll+0x7d2643]
V  [jvm.dll+0x242c85]
V  [jvm.dll+0x66e0d9]
V  [jvm.dll+0x662a22]
V  [jvm.dll+0x300ddb]
V  [jvm.dll+0x308376]
V  [jvm.dll+0x357f7e]
V  [jvm.dll+0x3581af]
V  [jvm.dll+0x2d7ff8]
V  [jvm.dll+0x2d8f64]
V  [jvm.dll+0x7a2411]
V  [jvm.dll+0x365d01]
V  [jvm.dll+0x78187c]
V  [jvm.dll+0x3e873f]
V  [jvm.dll+0x3ea1e1]
C  [jli.dll+0x527b]
C  [ucrtbase.dll+0x29363]
C  [KERNEL32.DLL+0x1244d]
C  [ntdll.dll+0x5dfb8]


---------------  P R O C E S S  ---------------

Threads class SMR info:
_java_thread_list=0x00007ffa9db49858, length=0, elements={
}

Java Threads: ( => current thread )

Other Threads:
  0x000001c927c5f530 GCTaskThread "GC Thread#0" [stack: 0x000000c7bc800000,0x000000c7bc900000] [id=33160]
  0x000001c927c6fe30 ConcurrentGCThread "G1 Main Marker" [stack: 0x000000c7bc900000,0x000000c7bca00000] [id=23960]
  0x000001c927c71140 ConcurrentGCThread "G1 Conc#0" [stack: 0x000000c7bca00000,0x000000c7bcb00000] [id=33004]

[error occurred during error reporting (printing all threads), id 0xc0000005, EXCEPTION_ACCESS_VIOLATION (0xc0000005) at pc=0x00007ffa9d3989e7]

VM state: not at safepoint (not fully initialized)

VM Mutex/Monitor currently owned by a thread:  ([mutex/lock_event])
[0x000001c927c03950] Heap_lock - owner thread: 0x000001c927c06e70

Heap address: 0x0000000083200000, size: 1998 MB, Compressed Oops mode: 32-bit

CDS archive(s) mapped at: [0x0000000000000000-0x0000000000000000-0x0000000000000000), size 0, SharedBaseAddress: 0x0000000800000000, ArchiveRelocationMode: 0.
Narrow klass base: 0x0000000000000000, Narrow klass shift: 0, Narrow klass range: 0x0

GC Precious Log:
<Empty>

Heap:
 garbage-first heap   total 0K, used 0K [0x0000000083200000, 0x0000000100000000)
  region size 1024K, 0 young (0K), 0 survivors (0K)

[error occurred during error reporting (printing heap information), id 0xc0000005, EXCEPTION_ACCESS_VIOLATION (0xc0000005) at pc=0x00007ffa9d77a629]

GC Heap History (0 events):
No events

Deoptimization events (0 events):
No events

Classes unloaded (0 events):
No events

Classes redefined (0 events):
No events

Internal exceptions (0 events):
No events

VM Operations (0 events):
No events

Events (1 events):
Event: 0.007 Loaded shared library C:\Program Files\Java\jdk-17.0.3.1\bin\java.dll


Dynamic libraries:
0x00007ff661d10000 - 0x00007ff661d20000 	C:\Program Files\Java\jdk-17.0.3.1\bin\javaw.exe
0x00007ffafbb30000 - 0x00007ffafbd44000 	C:\WINDOWS\SYSTEM32\ntdll.dll
0x00007ffafa8f0000 - 0x00007ffafa9b2000 	C:\WINDOWS\System32\KERNEL32.DLL
0x00007ffaf9220000 - 0x00007ffaf95bd000 	C:\WINDOWS\System32\KERNELBASE.dll
0x00007ffaf8f90000 - 0x00007ffaf90a1000 	C:\WINDOWS\System32\ucrtbase.dll
0x00007ffad5010000 - 0x00007ffad5028000 	C:\Program Files\Java\jdk-17.0.3.1\bin\jli.dll
0x00007ffafa560000 - 0x00007ffafa60e000 	C:\WINDOWS\System32\ADVAPI32.dll
0x00007ffafb4f0000 - 0x00007ffafb597000 	C:\WINDOWS\System32\msvcrt.dll
0x00007ffafb3c0000 - 0x00007ffafb464000 	C:\WINDOWS\System32\sechost.dll
0x00007ffafb210000 - 0x00007ffafb325000 	C:\WINDOWS\System32\RPCRT4.dll
0x00007ffafb720000 - 0x00007ffafb8ca000 	C:\WINDOWS\System32\USER32.dll
0x00007ffaf8f60000 - 0x00007ffaf8f86000 	C:\WINDOWS\System32\win32u.dll
0x00007ffafb630000 - 0x00007ffafb659000 	C:\WINDOWS\System32\GDI32.dll
0x00007ffaf9640000 - 0x00007ffaf9752000 	C:\WINDOWS\System32\gdi32full.dll
0x00007ffaf9820000 - 0x00007ffaf98ba000 	C:\WINDOWS\System32\msvcp_win.dll
0x00007ffacd570000 - 0x00007ffacd58a000 	C:\Program Files\Java\jdk-17.0.3.1\bin\VCRUNTIME140.dll
0x00007ffae4ad0000 - 0x00007ffae4d5e000 	C:\WINDOWS\WinSxS\amd64_microsoft.windows.common-controls_6595b64144ccf1df_6.0.22621.608_none_a9444ca7c10bb01d\COMCTL32.dll
0x00007ffaf12c0000 - 0x00007ffaf12ca000 	C:\WINDOWS\SYSTEM32\VERSION.dll
0x00007ffafa880000 - 0x00007ffafa8b2000 	C:\WINDOWS\System32\IMM32.DLL
0x00007ffad5000000 - 0x00007ffad500c000 	C:\Program Files\Java\jdk-17.0.3.1\bin\vcruntime140_1.dll
0x00007ffaa2c10000 - 0x00007ffaa2c9d000 	C:\Program Files\Java\jdk-17.0.3.1\bin\msvcp140.dll
0x00007ffa9d0b0000 - 0x00007ffa9dc70000 	C:\Program Files\Java\jdk-17.0.3.1\bin\server\jvm.dll
0x00007ffafb5a0000 - 0x00007ffafb5a8000 	C:\WINDOWS\System32\PSAPI.DLL
0x00007ffaea810000 - 0x00007ffaea819000 	C:\WINDOWS\SYSTEM32\WSOCK32.dll
0x00007ffafb5b0000 - 0x00007ffafb621000 	C:\WINDOWS\System32\WS2_32.dll
0x00007ffaf0690000 - 0x00007ffaf06c4000 	C:\WINDOWS\SYSTEM32\WINMM.dll
0x00007ffaf7fd0000 - 0x00007ffaf7fe8000 	C:\WINDOWS\SYSTEM32\kernel.appcore.dll
0x00007ffacef10000 - 0x00007ffacef1a000 	C:\Program Files\Java\jdk-17.0.3.1\bin\jimage.dll
0x00007ffaf6c10000 - 0x00007ffaf6e3e000 	C:\WINDOWS\SYSTEM32\DBGHELP.DLL
0x00007ffaf9a10000 - 0x00007ffaf9d9a000 	C:\WINDOWS\System32\combase.dll
0x00007ffaf9930000 - 0x00007ffaf9a07000 	C:\WINDOWS\System32\OLEAUT32.dll
0x00007ffaeac60000 - 0x00007ffaeac92000 	C:\WINDOWS\SYSTEM32\dbgcore.DLL
0x00007ffaf95c0000 - 0x00007ffaf963b000 	C:\WINDOWS\System32\bcryptPrimitives.dll
0x00007ffaa2be0000 - 0x00007ffaa2c05000 	C:\Program Files\Java\jdk-17.0.3.1\bin\java.dll

dbghelp: loaded successfully - version: 4.0.5 - missing functions: none
symbol engine: initialized successfully - sym options: 0x614 - pdb path: .;C:\Program Files\Java\jdk-17.0.3.1\bin;C:\WINDOWS\SYSTEM32;C:\WINDOWS\WinSxS\amd64_microsoft.windows.common-controls_6595b64144ccf1df_6.0.22621.608_none_a9444ca7c10bb01d;C:\Program Files\Java\jdk-17.0.3.1\bin\server

VM Arguments:
jvm_args: -ea -Dfile.encoding=UTF-8 -XX:+ShowCodeDetailsInExceptionMessages 
java_command: org.testng.remote.RemoteTestNG -serport 49194 -protocol json -d D:\GitHub\DemoRepo04JuneMB\MyProject\MyProject\DalalStreet\test-output C:\Users\Lenovo\AppData\Local\Temp\testng-eclipse--588314759\testng-customsuite.xml
java_class_path (initial): C:\Users\Lenovo\eclipse\java-2022-03\eclipse\configuration\org.eclipse.osgi\731\0\.cp\lib\testng-remote.jar;D:\GitHub\DemoRepo04JuneMB\MyProject\MyProject\DalalStreet\target\test-classes;D:\GitHub\DemoRepo04JuneMB\MyProject\MyProject\DalalStreet\target\classes;C:\Users\Lenovo\.p2\pool\plugins\org.testng_7.4.0.r202105021533.jar;C:\Users\Lenovo\.p2\pool\plugins\com.beust.jcommander_1.78.0.jar;C:\Users\Lenovo\.p2\pool\plugins\org.apache-extras.beanshell.bsh_2.0.0.b6.jar;C:\Users\Lenovo\.p2\pool\plugins\org.yaml.snakeyaml_1.27.0.v20201111-1638.jar;C:\Users\Lenovo\.p2\pool\plugins\org.webjars.jquery_3.5.1.jar;C:\Users\Lenovo\.m2\repository\org\seleniumhq\selenium\selenium-java\4.6.0\selenium-java-4.6.0.jar;C:\Users\Lenovo\.m2\repository\org\seleniumhq\selenium\selenium-api\4.6.0\selenium-api-4.6.0.jar;C:\Users\Lenovo\.m2\repository\org\seleniumhq\selenium\selenium-chrome-driver\4.6.0\selenium-chrome-driver-4.6.0.jar;C:\Users\Lenovo\.m2\repository\com\google\auto\service\auto-service-annotations\1.0.1\auto-service-annotations-1.0.1.jar;C:\Users\Lenovo\.m2\repository\com\google\auto\service\auto-service\1.0.1\auto-service-1.0.1.jar;C:\Users\Lenovo\.m2\repository\com\google\auto\auto-common\1.2\auto-common-1.2.jar;C:\Users\Lenovo\.m2\repository\com\google\guava\guava\31.1-jre\guava-31.1-jre.jar;C:\Users\Lenovo\.m2\repository\com\google\guava\failureaccess\1.0.1\failureaccess-1.0.1.jar;C:\Users\Lenovo\.m2\repository\com\google\guava\listenablefuture\9999.0-empty-to-avoid-conflict-with-guava\listenablefuture-9999.0-empty-to-avoid-conflict-with-guava.jar;C:\Users\Lenovo\.m2\repository\org\checkerframework\checker-qual\3.12.0\checker-qual-3.12.0.jar;C:\Users\Lenovo\.m2\repository\com\google\errorprone\error_prone_annotations\2.11.0\error_prone_annotations-2.11.0.jar;C:\Users\Lenovo\.m2\repository\com\google\j2objc\j2objc-annotations\1.3\j2objc-annotations-1.3.jar;C:\Users\Lenovo\.m2\repository\org\seleniumhq\selenium\selenium-chromium-driver\4.6.0\s
Launcher Type: SUN_STANDARD

[Global flags]
     intx CICompilerCount                          = 3                                         {product} {ergonomic}
     uint ConcGCThreads                            = 1                                         {product} {ergonomic}
     uint G1ConcRefinementThreads                  = 4                                         {product} {ergonomic}
   size_t G1HeapRegionSize                         = 1048576                                   {product} {ergonomic}
    uintx GCDrainStackTargetSize                   = 64                                        {product} {ergonomic}
   size_t InitialHeapSize                          = 132120576                                 {product} {ergonomic}
   size_t MarkStackSize                            = 4194304                                   {product} {ergonomic}
   size_t MaxHeapSize                              = 2095054848                                {product} {ergonomic}
   size_t MinHeapDeltaBytes                        = 1048576                                   {product} {ergonomic}
   size_t MinHeapSize                              = 8388608                                   {product} {ergonomic}
    uintx NonNMethodCodeHeapSize                   = 5832780                                {pd product} {ergonomic}
    uintx NonProfiledCodeHeapSize                  = 122912730                              {pd product} {ergonomic}
    uintx ProfiledCodeHeapSize                     = 122912730                              {pd product} {ergonomic}
    uintx ReservedCodeCacheSize                    = 251658240                              {pd product} {ergonomic}
     bool SegmentedCodeCache                       = true                                      {product} {ergonomic}
     bool ShowCodeDetailsInExceptionMessages       = true                                   {manageable} {command line}
   size_t SoftMaxHeapSize                          = 2095054848                             {manageable} {ergonomic}
     bool UseCompressedClassPointers               = true                           {product lp64_product} {ergonomic}
     bool UseCompressedOops                        = true                           {product lp64_product} {ergonomic}
     bool UseG1GC                                  = true                                      {product} {ergonomic}
     bool UseLargePagesIndividualAllocation        = false                                  {pd product} {ergonomic}

Logging:
Log output configuration:
 #0: stdout all=warning uptime,level,tags
 #1: stderr all=off uptime,level,tags

Environment Variables:
JAVA_HOME=C:\Program Files\Java\jdk-17.0.3.1\bin
PATH=C:\oraclexe\app\oracle\product\11.2.0\server\bin;;C:\Program Files\Common Files\Oracle\Java\javapath;C:\WINDOWS\system32;C:\WINDOWS;C:\WINDOWS\System32\Wbem;C:\WINDOWS\System32\WindowsPowerShell\v1.0\;C:\WINDOWS\System32\OpenSSH\;C:\Program Files\Java\jdk-17.0.3.1\bin;C:\Users\Lenovo\AppData\Local\Microsoft\WindowsApps;C:\Users\Lenovo\AppData\Local\GitHubDesktop\bin;
USERNAME=Lenovo
OS=Windows_NT
PROCESSOR_IDENTIFIER=Intel64 Family 6 Model 126 Stepping 5, GenuineIntel



---------------  S Y S T E M  ---------------

OS:
 Windows 11 , 64 bit Build 22621 (10.0.22621.755)
OS uptime: 2 days 18:20 hours

CPU: total 4 (initial active 4) (2 cores per cpu, 2 threads per core) family 6 model 126 stepping 5 microcode 0xa8, cx8, cmov, fxsr, ht, mmx, 3dnowpref, sse, sse2, sse3, ssse3, sse4.1, sse4.2, popcnt, lzcnt, tsc, tscinvbit, avx, avx2, aes, erms, clmul, bmi1, bmi2, adx, avx512f, avx512dq, avx512cd, avx512bw, avx512vl, sha, fma, vzeroupper, avx512_vpopcntdq, avx512_vpclmulqdq, avx512_vaes, avx512_vnni, clflush, clflushopt, avx512_vbmi2, avx512_vbmi

Memory: 4k page, system-wide physical 7987M (770M free)
TotalPageFile size 10035M (AvailPageFile size 87M)
current process WorkingSet (physical memory assigned to process): 11M, peak: 11M
current process commit charge ("private bytes"): 52M, peak: 177M

vm_info: Java HotSpot(TM) 64-Bit Server VM (17.0.3.1+2-LTS-6) for windows-amd64 JRE (17.0.3.1+2-LTS-6), built on Apr 25 2022 22:04:21 by "mach5one" with MS VC++ 16.8 / 16.9 (VS2019)

END.
